Base path: E:/Unity/Editor/Data
Cmd: initializeCompiler
Cmd: initializeCompiler
Cmd: compileSnippet
  api=4 type=0 insize=2285 outsize=858 kw= pd=UNITY_ENABLE_REFLECTION_BUFFERS UNITY_USE_DITHER_MASK_FOR_ALPHABLENDED_SHADOWS UNITY_PBS_USE_BRDF1 UNITY_SPECCUBE_BOX_PROJECTION UNITY_SPECCUBE_BLENDING UNITY_ENABLE_DETAIL_NORMALMAP SHADER_API_DESKTOP UNITY_COLORSPACE_GAMMA UNITY_LIGHT_PROBE_PROXY_VOLUME UNITY_LIGHTMAP_FULL_HDR ok=1
Cmd: compileSnippet
  api=4 type=1 insize=2285 outsize=446 kw= pd=UNITY_ENABLE_REFLECTION_BUFFERS UNITY_USE_DITHER_MASK_FOR_ALPHABLENDED_SHADOWS UNITY_PBS_USE_BRDF1 UNITY_SPECCUBE_BOX_PROJECTION UNITY_SPECCUBE_BLENDING UNITY_ENABLE_DETAIL_NORMALMAP SHADER_API_DESKTOP UNITY_COLORSPACE_GAMMA UNITY_LIGHT_PROBE_PROXY_VOLUME UNITY_LIGHTMAP_FULL_HDR ok=1
Cmd: compileSnippet
  api=4 type=0 insize=2285 outsize=858 kw=UNITY_UI_ALPHACLIP pd=UNITY_ENABLE_REFLECTION_BUFFERS UNITY_USE_DITHER_MASK_FOR_ALPHABLENDED_SHADOWS UNITY_PBS_USE_BRDF1 UNITY_SPECCUBE_BOX_PROJECTION UNITY_SPECCUBE_BLENDING UNITY_ENABLE_DETAIL_NORMALMAP SHADER_API_DESKTOP UNITY_COLORSPACE_GAMMA UNITY_LIGHT_PROBE_PROXY_VOLUME UNITY_LIGHTMAP_FULL_HDR ok=1
Cmd: compileSnippet
  api=4 type=1 insize=2285 outsize=542 kw=UNITY_UI_ALPHACLIP pd=UNITY_ENABLE_REFLECTION_BUFFERS UNITY_USE_DITHER_MASK_FOR_ALPHABLENDED_SHADOWS UNITY_PBS_USE_BRDF1 UNITY_SPECCUBE_BOX_PROJECTION UNITY_SPECCUBE_BLENDING UNITY_ENABLE_DETAIL_NORMALMAP SHADER_API_DESKTOP UNITY_COLORSPACE_GAMMA UNITY_LIGHT_PROBE_PROXY_VOLUME UNITY_LIGHTMAP_FULL_HDR ok=1
Cmd: initializeCompiler
Cmd: preprocess
  insize=2725 outsize=559 ok=1
Cmd: preprocess
  insize=2491 outsize=1546 ok=1
Cmd: preprocess
  insize=768 outsize=316 ok=1
Cmd: preprocess
  insize=3509 outsize=2558 ok=1
Cmd: preprocess
  insize=768 outsize=316 ok=1
Cmd: preprocess
  insize=2100 outsize=661 ok=1
Cmd: preprocess
  insize=1838 outsize=333 ok=1
Cmd: preprocess
  insize=4642 outsize=2852 ok=1
Cmd: preprocess
  insize=1662 outsize=1245 ok=1
Cmd: preprocess
  insize=2051 outsize=1396 ok=1
Cmd: preprocess
  insize=3343 outsize=1219 ok=1
Cmd: preprocess
  insize=1662 outsize=1245 ok=1
Cmd: preprocess
  insize=14760 outsize=8203 ok=1
Cmd: preprocess
  insize=1503 outsize=272 ok=1
Cmd: preprocess
  insize=1525 outsize=496 ok=1
Cmd: preprocess
  insize=3105 outsize=1402 ok=1
Cmd: preprocess
  insize=1788 outsize=325 ok=1
Cmd: preprocess
  insize=3343 outsize=1219 ok=1
Cmd: initializeCompiler
